<entry>
<version>4.12</version>
<url>http://frankfurt.kapeli.com/feeds/zzz/user_contributed/build/JUnit4/JUnit4.tgz</url>
<url>http://london.kapeli.com/feeds/zzz/user_contributed/build/JUnit4/JUnit4.tgz</url>
<url>http://newyork.kapeli.com/feeds/zzz/user_contributed/build/JUnit4/JUnit4.tgz</url>
<url>http://sanfrancisco.kapeli.com/feeds/zzz/user_contributed/build/JUnit4/JUnit4.tgz</url>
<url>http://singapore.kapeli.com/feeds/zzz/user_contributed/build/JUnit4/JUnit4.tgz</url>
<url>http://tokyo.kapeli.com/feeds/zzz/user_contributed/build/JUnit4/JUnit4.tgz</url>
<url>http://sydney.kapeli.com/feeds/zzz/user_contributed/build/JUnit4/JUnit4.tgz</url>
</entry>
